c:\users\user\desktop\logic\lab3\lab3\debug\vc141.pdb
c:\users\user\desktop\logic\lab3\lab3\debug\vc141.idb
c:\users\user\desktop\logic\lab3\lab3\debug\main.obj
c:\users\user\desktop\logic\pavlovv2\lab3\lab3\debug\vc141.pdb
c:\users\user\desktop\logic\pavlovv2\lab3\lab3\debug\vc141.idb
c:\users\user\desktop\logic\pavlovv2\lab3\lab3\debug\adjacency_lists.obj
c:\users\user\desktop\logic\pavlovv2\lab3\lab3\debug\main.obj
c:\users\user\desktop\новая папка (2)\lab3\debug\lab3.ilk
c:\users\user\desktop\новая папка (2)\lab3\debug\lab3.exe
c:\users\user\desktop\новая папка (2)\lab3\debug\lab3.pdb
c:\users\user\desktop\logic\lab3\debug\lab3.ilk
c:\users\user\desktop\logic\lab3\debug\lab3.exe
c:\users\user\desktop\logic\lab3\debug\lab3.pdb
c:\users\user\desktop\logic\pavlovv2\lab3\debug\lab3.pdb
c:\users\user\desktop\logic\pavlovv2\lab3\debug\lab3.exe
c:\users\user\desktop\logic\pavlovv2\lab3\debug\lab3.ilk
c:\users\user\desktop\logic\pavlovv2\lab3\lab3\debug\lab3.tlog\cl.command.1.tlog
c:\users\user\desktop\logic\pavlovv2\lab3\lab3\debug\lab3.tlog\cl.read.1.tlog
c:\users\user\desktop\logic\pavlovv2\lab3\lab3\debug\lab3.tlog\cl.write.1.tlog
c:\users\user\desktop\logic\pavlovv2\lab3\lab3\debug\lab3.tlog\link.command.1.tlog
c:\users\user\desktop\logic\pavlovv2\lab3\lab3\debug\lab3.tlog\link.read.1.tlog
c:\users\user\desktop\logic\pavlovv2\lab3\lab3\debug\lab3.tlog\link.write.1.tlog
